<?xml version="1.0" encoding="UTF-8"?>
<Site BuildName="Win32-MSBuild"
	BuildStamp="20240306-1016-Experimental"
	Name="IVAN"
	Generator="ctest-3.28.3"
	CompilerName="C:/Program Files/Microsoft Visual Studio/2022/Community/VC/Tools/MSVC/14.38.33130/bin/Hostx64/x64/cl.exe"
	CompilerVersion="19.38.33135.0"
	OSName="Windows"
	Hostname="IVAN"
	OSRelease=" Personal"
	OSVersion=" (Build 22621)"
	OSPlatform="AMD64"
	Is64Bits="1"
	VendorString="AuthenticAMD"
	VendorID="Advanced Micro Devices"
	FamilyID="15"
	ModelID="8"
	ProcessorCacheSize="64"
	NumberOfLogicalCPU="12"
	NumberOfPhysicalCPU="6"
	TotalVirtualMemory="16730"
	TotalPhysicalMemory="15706"
	LogicalProcessorsPerPhysical="2"
	ProcessorClockFrequency="2096"
	>
	<Testing>
		<StartDateTime>Mar 06 17:18 [NON-UTF-8-BYTE-0xCD][NON-UTF-8-BYTE-0xEE][NON-UTF-8-BYTE-0xE2][NON-UTF-8-BYTE-0xEE][NON-UTF-8-BYTE-0xF1][NON-UTF-8-BYTE-0xE8][NON-UTF-8-BYTE-0xE1][NON-UTF-8-BYTE-0xE8][NON-UTF-8-BYTE-0xF0][NON-UTF-8-BYTE-0xF1][NON-UTF-8-BYTE-0xEA][NON-UTF-8-BYTE-0xEE][NON-UTF-8-BYTE-0xE5] [NON-UTF-8-BYTE-0xF1][NON-UTF-8-BYTE-0xF2][NON-UTF-8-BYTE-0xE0][NON-UTF-8-BYTE-0xED][NON-UTF-8-BYTE-0xE4][NON-UTF-8-BYTE-0xE0][NON-UTF-8-BYTE-0xF0][NON-UTF-8-BYTE-0xF2][NON-UTF-8-BYTE-0xED][NON-UTF-8-BYTE-0xEE][NON-UTF-8-BYTE-0xE5] [NON-UTF-8-BYTE-0xE2][NON-UTF-8-BYTE-0xF0][NON-UTF-8-BYTE-0xE5][NON-UTF-8-BYTE-0xEC][NON-UTF-8-BYTE-0xFF]</StartDateTime>
		<StartTestTime>1709720300</StartTestTime>
		<TestList/>
		<EndDateTime>Mar 06 17:18 [NON-UTF-8-BYTE-0xCD][NON-UTF-8-BYTE-0xEE][NON-UTF-8-BYTE-0xE2][NON-UTF-8-BYTE-0xEE][NON-UTF-8-BYTE-0xF1][NON-UTF-8-BYTE-0xE8][NON-UTF-8-BYTE-0xE1][NON-UTF-8-BYTE-0xE8][NON-UTF-8-BYTE-0xF0][NON-UTF-8-BYTE-0xF1][NON-UTF-8-BYTE-0xEA][NON-UTF-8-BYTE-0xEE][NON-UTF-8-BYTE-0xE5] [NON-UTF-8-BYTE-0xF1][NON-UTF-8-BYTE-0xF2][NON-UTF-8-BYTE-0xE0][NON-UTF-8-BYTE-0xED][NON-UTF-8-BYTE-0xE4][NON-UTF-8-BYTE-0xE0][NON-UTF-8-BYTE-0xF0][NON-UTF-8-BYTE-0xF2][NON-UTF-8-BYTE-0xED][NON-UTF-8-BYTE-0xEE][NON-UTF-8-BYTE-0xE5] [NON-UTF-8-BYTE-0xE2][NON-UTF-8-BYTE-0xF0][NON-UTF-8-BYTE-0xE5][NON-UTF-8-BYTE-0xEC][NON-UTF-8-BYTE-0xFF]</EndDateTime>
		<EndTestTime>1709720300</EndTestTime>
		<ElapsedMinutes>0</ElapsedMinutes>
	</Testing>
</Site>
