<?xml version="1.0" encoding="UTF-8"?>
<Site BuildName="Linux-g++"
	BuildStamp="20240225-1040-Experimental"
	Name="ivank-BOM-WXX9"
	Generator="ctest-3.22.1"
	CompilerName="/usr/bin/g++"
	CompilerVersion="11.4.0"
	OSName="Linux"
	Hostname="ivank-BOM-WXX9"
	OSRelease="6.5.0-18-generic"
	OSVersion="#18~22.04.1-Ubuntu SMP PREEMPT_DYNAMIC Wed Feb  7 11:40:03 UTC 2"
	OSPlatform="x86_64"
	Is64Bits="1"
	VendorString="AuthenticAMD"
	VendorID="Advanced Micro Devices"
	FamilyID="23"
	ModelID="104"
	ProcessorCacheSize="512"
	NumberOfLogicalCPU="12"
	NumberOfPhysicalCPU="6"
	TotalVirtualMemory="2047"
	TotalPhysicalMemory="15312"
	LogicalProcessorsPerPhysical="2"
	ProcessorClockFrequency="2694.76"
	>
	<Testing>
		<StartDateTime>Feb 25 17:42 +07</StartDateTime>
		<StartTestTime>1708857767</StartTestTime>
		<TestList/>
		<EndDateTime>Feb 25 17:42 +07</EndDateTime>
		<EndTestTime>1708857767</EndTestTime>
		<ElapsedMinutes>0</ElapsedMinutes>
	</Testing>
</Site>
