<?xml version="1.0" encoding="UTF-8"?>
<Site BuildName="Linux-g++"
	BuildStamp="20240220-0559-Experimental"
	Name="ivank-BOM-WXX9"
	Generator="ctest-3.22.1"
	CompilerName="/usr/bin/g++"
	CompilerVersion=""
	OSName="Linux"
	Hostname="ivank-BOM-WXX9"
	OSRelease="6.2.0-26-generic"
	OSVersion="#26~22.04.1-Ubuntu SMP PREEMPT_DYNAMIC Thu Jul 13 16:27:29 UTC 2"
	OSPlatform="x86_64"
	Is64Bits="1"
	VendorString="AuthenticAMD"
	VendorID="Advanced Micro Devices"
	FamilyID="23"
	ModelID="104"
	ProcessorCacheSize="512"
	NumberOfLogicalCPU="12"
	NumberOfPhysicalCPU="6"
	TotalVirtualMemory="2047"
	TotalPhysicalMemory="15312"
	LogicalProcessorsPerPhysical="2"
	ProcessorClockFrequency="4038.67"
	>
	<Testing>
		<StartDateTime>Feb 20 13:18 +07</StartDateTime>
		<StartTestTime>1708409892</StartTestTime>
		<TestList/>
		<EndDateTime>Feb 20 13:18 +07</EndDateTime>
		<EndTestTime>1708409892</EndTestTime>
		<ElapsedMinutes>0</ElapsedMinutes>
	</Testing>
</Site>
